[main] DEBUG io.netty.util.internal.logging.InternalLoggerFactory  - Using Log4J as the default logging framework
  [main] DEBUG io.netty.util.ResourceLeakDetector  - -Dio.netty.leakDetection.level: simple
  [main] DEBUG io.netty.util.ResourceLeakDetector  - -Dio.netty.leakDetection.targetRecords: 4
  [main] DEBUG io.netty.util.ResourceLeakDetectorFactory  - Loaded default ResourceLeakDetector: io.netty.util.ResourceLeakDetector@8458f04
  [main] DEBUG io.netty.util.internal.PlatformDependent0  - -Dio.netty.noUnsafe: false
  [main] DEBUG io.netty.util.internal.PlatformDependent0  - Java version: 19
  [main] DEBUG io.netty.util.internal.PlatformDependent0  - sun.misc.Unsafe.theUnsafe: available
  [main] DEBUG io.netty.util.internal.PlatformDependent0  - sun.misc.Unsafe.copyMemory: available
  [main] DEBUG io.netty.util.internal.PlatformDependent0  - sun.misc.Unsafe.storeFence: available
  [main] DEBUG io.netty.util.internal.PlatformDependent0  - java.nio.Buffer.address: available
  [main] DEBUG io.netty.util.internal.PlatformDependent0  - direct buffer constructor: unavailable: Reflective setAccessible(true) disabled
  [main] DEBUG io.netty.util.internal.PlatformDependent0  - java.nio.Bits.unaligned: available, true
  [main] DEBUG io.netty.util.internal.PlatformDependent0  - jdk.internal.misc.Unsafe.allocateUninitializedArray(int): unavailable: class io.netty.util.internal.PlatformDependent0$7 cannot access class jdk.internal.misc.Unsafe (in module java.base) because module java.base does not export jdk.internal.misc to unnamed module @7e32c033
  [main] DEBUG io.netty.util.internal.PlatformDependent0  - java.nio.DirectByteBuffer.<init>(long, int): unavailable
  [main] DEBUG io.netty.util.internal.PlatformDependent  - sun.misc.Unsafe: available
  [main] DEBUG io.netty.util.internal.PlatformDependent  - maxDirectMemory: 4112515072 bytes (maybe)
  [main] DEBUG io.netty.util.internal.PlatformDependent  - -Dio.netty.tmpdir: C:\Users\ER2202~1\AppData\Local\Temp (java.io.tmpdir)
  [main] DEBUG io.netty.util.internal.PlatformDependent  - -Dio.netty.bitMode: 64 (sun.arch.data.model)
  [main] DEBUG io.netty.util.internal.PlatformDependent  - Platform: Windows
  [main] DEBUG io.netty.util.internal.PlatformDependent  - -Dio.netty.maxDirectMemory: -1 bytes
  [main] DEBUG io.netty.util.internal.PlatformDependent  - -Dio.netty.uninitializedArrayAllocationThreshold: -1
  [main] DEBUG io.netty.util.internal.CleanerJava9  - java.nio.ByteBuffer.cleaner(): available
  [main] DEBUG io.netty.util.internal.PlatformDependent  - -Dio.netty.noPreferDirect: false
  [main] DEBUG io.netty.util.internal.PlatformDependent  - org.jctools-core.MpscChunkedArrayQueue: available
  [main] DEBUG io.netty.util.internal.InternalThreadLocalMap  - -Dio.netty.threadLocalMap.stringBuilder.initialSize: 1024
  [main] DEBUG io.netty.util.internal.InternalThreadLocalMap  - -Dio.netty.threadLocalMap.stringBuilder.maxSize: 4096
  [main] DEBUG io.netty.handler.ssl.JdkSslContext  - Default protocols (JDK): [TLSv1.3, TLSv1.2] 
  [main] DEBUG io.netty.handler.ssl.JdkSslContext  - Default cipher suites (JDK): [TLS_ECDHE_ECDSA_WITH_AES_256_GCM_SHA384, TLS_ECDHE_ECDSA_WITH_AES_128_GCM_SHA256, TLS_ECDHE_RSA_WITH_AES_128_GCM_SHA256, TLS_ECDHE_RSA_WITH_AES_256_GCM_SHA384, TLS_ECDHE_RSA_WITH_AES_128_CBC_SHA, TLS_ECDHE_RSA_WITH_AES_256_CBC_SHA, TLS_RSA_WITH_AES_128_GCM_SHA256, TLS_RSA_WITH_AES_128_CBC_SHA, TLS_RSA_WITH_AES_256_CBC_SHA, TLS_AES_128_GCM_SHA256, TLS_AES_256_GCM_SHA384]
  [main] DEBUG io.netty.channel.MultithreadEventLoopGroup  - -Dio.netty.eventLoopThreads: 24
  [main] DEBUG io.netty.channel.nio.NioEventLoop  - -Dio.netty.noKeySetOptimization: false
  [main] DEBUG io.netty.channel.nio.NioEventLoop  - -Dio.netty.selectorAutoRebuildThreshold: 512
  [main] DEBUG io.netty.buffer.PooledByteBufAllocator  - -Dio.netty.allocator.numHeapArenas: 24
  [main] DEBUG io.netty.buffer.PooledByteBufAllocator  - -Dio.netty.allocator.numDirectArenas: 24
  [main] DEBUG io.netty.buffer.PooledByteBufAllocator  - -Dio.netty.allocator.pageSize: 8192
  [main] DEBUG io.netty.buffer.PooledByteBufAllocator  - -Dio.netty.allocator.maxOrder: 9
  [main] DEBUG io.netty.buffer.PooledByteBufAllocator  - -Dio.netty.allocator.chunkSize: 4194304
  [main] DEBUG io.netty.buffer.PooledByteBufAllocator  - -Dio.netty.allocator.smallCacheSize: 256
  [main] DEBUG io.netty.buffer.PooledByteBufAllocator  - -Dio.netty.allocator.normalCacheSize: 64
  [main] DEBUG io.netty.buffer.PooledByteBufAllocator  - -Dio.netty.allocator.maxCachedBufferCapacity: 32768
  [main] DEBUG io.netty.buffer.PooledByteBufAllocator  - -Dio.netty.allocator.cacheTrimInterval: 8192
  [main] DEBUG io.netty.buffer.PooledByteBufAllocator  - -Dio.netty.allocator.cacheTrimIntervalMillis: 0
  [main] DEBUG io.netty.buffer.PooledByteBufAllocator  - -Dio.netty.allocator.useCacheForAllThreads: false
  [main] DEBUG io.netty.buffer.PooledByteBufAllocator  - -Dio.netty.allocator.maxCachedByteBuffersPerChunk: 1023
  [main] DEBUG io.netty.buffer.ByteBufUtil  - -Dio.netty.allocator.type: pooled
  [main] DEBUG io.netty.buffer.ByteBufUtil  - -Dio.netty.threadLocalDirectBufferSize: 0
  [main] DEBUG io.netty.buffer.ByteBufUtil  - -Dio.netty.maxThreadLocalCharBufferSize: 16384
  [Forwarding newSession on session null to remote] DEBUG io.netty.channel.DefaultChannelId  - -Dio.netty.processId: 10932 (auto-detected)
  [Forwarding newSession on session null to remote] DEBUG io.netty.util.NetUtil  - -Djava.net.preferIPv4Stack: false
  [Forwarding newSession on session null to remote] DEBUG io.netty.util.NetUtil  - -Djava.net.preferIPv6Addresses: false
  [Forwarding newSession on session null to remote] DEBUG io.netty.util.NetUtilInitializations  - Loopback interface: lo (Software Loopback Interface 1, 127.0.0.1)
  [Forwarding newSession on session null to remote] DEBUG io.netty.util.NetUtil  - Failed to get SOMAXCONN from sysctl and file \proc\sys\net\core\somaxconn. Default: 200
  [Forwarding newSession on session null to remote] DEBUG io.netty.channel.DefaultChannelId  - -Dio.netty.machineId: a8:93:4a:ff:fe:c9:43:8b (auto-detected)
  [AsyncHttpClient-1-2] DEBUG io.netty.buffer.AbstractByteBuf  - -Dio.netty.buffer.checkAccessible: true
  [AsyncHttpClient-1-2] DEBUG io.netty.buffer.AbstractByteBuf  - -Dio.netty.buffer.checkBounds: true
  [AsyncHttpClient-1-2] DEBUG io.netty.util.ResourceLeakDetectorFactory  - Loaded default ResourceLeakDetector: io.netty.util.ResourceLeakDetector@1a34e04d
  [AsyncHttpClient-1-2] DEBUG io.netty.util.Recycler  - -Dio.netty.recycler.maxCapacityPerThread: 4096
  [AsyncHttpClient-1-2] DEBUG io.netty.util.Recycler  - -Dio.netty.recycler.ratio: 8
  [AsyncHttpClient-1-2] DEBUG io.netty.util.Recycler  - -Dio.netty.recycler.chunkSize: 32
  [AsyncHttpClient-1-2] DEBUG io.netty.util.Recycler  - -Dio.netty.recycler.blocking: false
  [AsyncHttpClient-1-2] DEBUG io.netty.handler.codec.compression.Brotli  - brotli4j not in the classpath; Brotli support will be unavailable.
  [main] DEBUG io.netty.util.internal.ThreadLocalRandom  - -Dio.netty.initialSeedUniquifier: 0xcf57c19492d7348f
  [main] INFO  scripts.loginSite  - User entered valid credential and redirected into User List screen.
  [main] DEBUG io.netty.util.internal.logging.InternalLoggerFactory  - Using Log4J as the default logging framework
  [main] DEBUG io.netty.util.ResourceLeakDetector  - -Dio.netty.leakDetection.level: simple
  [main] DEBUG io.netty.util.ResourceLeakDetector  - -Dio.netty.leakDetection.targetRecords: 4
  [main] DEBUG io.netty.util.ResourceLeakDetectorFactory  - Loaded default ResourceLeakDetector: io.netty.util.ResourceLeakDetector@8458f04
  [main] DEBUG io.netty.util.internal.PlatformDependent0  - -Dio.netty.noUnsafe: false
  [main] DEBUG io.netty.util.internal.PlatformDependent0  - Java version: 19
  [main] DEBUG io.netty.util.internal.PlatformDependent0  - sun.misc.Unsafe.theUnsafe: available
  [main] DEBUG io.netty.util.internal.PlatformDependent0  - sun.misc.Unsafe.copyMemory: available
  [main] DEBUG io.netty.util.internal.PlatformDependent0  - sun.misc.Unsafe.storeFence: available
  [main] DEBUG io.netty.util.internal.PlatformDependent0  - java.nio.Buffer.address: available
  [main] DEBUG io.netty.util.internal.PlatformDependent0  - direct buffer constructor: unavailable: Reflective setAccessible(true) disabled
  [main] DEBUG io.netty.util.internal.PlatformDependent0  - java.nio.Bits.unaligned: available, true
  [main] DEBUG io.netty.util.internal.PlatformDependent0  - jdk.internal.misc.Unsafe.allocateUninitializedArray(int): unavailable: class io.netty.util.internal.PlatformDependent0$7 cannot access class jdk.internal.misc.Unsafe (in module java.base) because module java.base does not export jdk.internal.misc to unnamed module @7e32c033
  [main] DEBUG io.netty.util.internal.PlatformDependent0  - java.nio.DirectByteBuffer.<init>(long, int): unavailable
  [main] DEBUG io.netty.util.internal.PlatformDependent  - sun.misc.Unsafe: available
  [main] DEBUG io.netty.util.internal.PlatformDependent  - maxDirectMemory: 4112515072 bytes (maybe)
  [main] DEBUG io.netty.util.internal.PlatformDependent  - -Dio.netty.tmpdir: C:\Users\ER2202~1\AppData\Local\Temp (java.io.tmpdir)
  [main] DEBUG io.netty.util.internal.PlatformDependent  - -Dio.netty.bitMode: 64 (sun.arch.data.model)
  [main] DEBUG io.netty.util.internal.PlatformDependent  - Platform: Windows
  [main] DEBUG io.netty.util.internal.PlatformDependent  - -Dio.netty.maxDirectMemory: -1 bytes
  [main] DEBUG io.netty.util.internal.PlatformDependent  - -Dio.netty.uninitializedArrayAllocationThreshold: -1
  [main] DEBUG io.netty.util.internal.CleanerJava9  - java.nio.ByteBuffer.cleaner(): available
  [main] DEBUG io.netty.util.internal.PlatformDependent  - -Dio.netty.noPreferDirect: false
  [main] DEBUG io.netty.util.internal.PlatformDependent  - org.jctools-core.MpscChunkedArrayQueue: available
  [main] DEBUG io.netty.util.internal.InternalThreadLocalMap  - -Dio.netty.threadLocalMap.stringBuilder.initialSize: 1024
  [main] DEBUG io.netty.util.internal.InternalThreadLocalMap  - -Dio.netty.threadLocalMap.stringBuilder.maxSize: 4096
  [main] DEBUG io.netty.handler.ssl.JdkSslContext  - Default protocols (JDK): [TLSv1.3, TLSv1.2] 
  [main] DEBUG io.netty.handler.ssl.JdkSslContext  - Default cipher suites (JDK): [TLS_ECDHE_ECDSA_WITH_AES_256_GCM_SHA384, TLS_ECDHE_ECDSA_WITH_AES_128_GCM_SHA256, TLS_ECDHE_RSA_WITH_AES_128_GCM_SHA256, TLS_ECDHE_RSA_WITH_AES_256_GCM_SHA384, TLS_ECDHE_RSA_WITH_AES_128_CBC_SHA, TLS_ECDHE_RSA_WITH_AES_256_CBC_SHA, TLS_RSA_WITH_AES_128_GCM_SHA256, TLS_RSA_WITH_AES_128_CBC_SHA, TLS_RSA_WITH_AES_256_CBC_SHA, TLS_AES_128_GCM_SHA256, TLS_AES_256_GCM_SHA384]
  [main] DEBUG io.netty.channel.MultithreadEventLoopGroup  - -Dio.netty.eventLoopThreads: 24
  [main] DEBUG io.netty.channel.nio.NioEventLoop  - -Dio.netty.noKeySetOptimization: false
  [main] DEBUG io.netty.channel.nio.NioEventLoop  - -Dio.netty.selectorAutoRebuildThreshold: 512
  [main] DEBUG io.netty.buffer.PooledByteBufAllocator  - -Dio.netty.allocator.numHeapArenas: 24
  [main] DEBUG io.netty.buffer.PooledByteBufAllocator  - -Dio.netty.allocator.numDirectArenas: 24
  [main] DEBUG io.netty.buffer.PooledByteBufAllocator  - -Dio.netty.allocator.pageSize: 8192
  [main] DEBUG io.netty.buffer.PooledByteBufAllocator  - -Dio.netty.allocator.maxOrder: 9
  [main] DEBUG io.netty.buffer.PooledByteBufAllocator  - -Dio.netty.allocator.chunkSize: 4194304
  [main] DEBUG io.netty.buffer.PooledByteBufAllocator  - -Dio.netty.allocator.smallCacheSize: 256
  [main] DEBUG io.netty.buffer.PooledByteBufAllocator  - -Dio.netty.allocator.normalCacheSize: 64
  [main] DEBUG io.netty.buffer.PooledByteBufAllocator  - -Dio.netty.allocator.maxCachedBufferCapacity: 32768
  [main] DEBUG io.netty.buffer.PooledByteBufAllocator  - -Dio.netty.allocator.cacheTrimInterval: 8192
  [main] DEBUG io.netty.buffer.PooledByteBufAllocator  - -Dio.netty.allocator.cacheTrimIntervalMillis: 0
  [main] DEBUG io.netty.buffer.PooledByteBufAllocator  - -Dio.netty.allocator.useCacheForAllThreads: false
  [main] DEBUG io.netty.buffer.PooledByteBufAllocator  - -Dio.netty.allocator.maxCachedByteBuffersPerChunk: 1023
  [main] DEBUG io.netty.buffer.ByteBufUtil  - -Dio.netty.allocator.type: pooled
  [main] DEBUG io.netty.buffer.ByteBufUtil  - -Dio.netty.threadLocalDirectBufferSize: 0
  [main] DEBUG io.netty.buffer.ByteBufUtil  - -Dio.netty.maxThreadLocalCharBufferSize: 16384
  [Forwarding newSession on session null to remote] DEBUG io.netty.channel.DefaultChannelId  - -Dio.netty.processId: 15404 (auto-detected)
  [Forwarding newSession on session null to remote] DEBUG io.netty.util.NetUtil  - -Djava.net.preferIPv4Stack: false
  [Forwarding newSession on session null to remote] DEBUG io.netty.util.NetUtil  - -Djava.net.preferIPv6Addresses: false
  [Forwarding newSession on session null to remote] DEBUG io.netty.util.NetUtilInitializations  - Loopback interface: lo (Software Loopback Interface 1, 127.0.0.1)
  [Forwarding newSession on session null to remote] DEBUG io.netty.util.NetUtil  - Failed to get SOMAXCONN from sysctl and file \proc\sys\net\core\somaxconn. Default: 200
  [Forwarding newSession on session null to remote] DEBUG io.netty.channel.DefaultChannelId  - -Dio.netty.machineId: a8:93:4a:ff:fe:c9:43:8b (auto-detected)
  [AsyncHttpClient-1-2] DEBUG io.netty.buffer.AbstractByteBuf  - -Dio.netty.buffer.checkAccessible: true
  [AsyncHttpClient-1-2] DEBUG io.netty.buffer.AbstractByteBuf  - -Dio.netty.buffer.checkBounds: true
  [AsyncHttpClient-1-2] DEBUG io.netty.util.ResourceLeakDetectorFactory  - Loaded default ResourceLeakDetector: io.netty.util.ResourceLeakDetector@db493b3
  [AsyncHttpClient-1-2] DEBUG io.netty.util.Recycler  - -Dio.netty.recycler.maxCapacityPerThread: 4096
  [AsyncHttpClient-1-2] DEBUG io.netty.util.Recycler  - -Dio.netty.recycler.ratio: 8
  [AsyncHttpClient-1-2] DEBUG io.netty.util.Recycler  - -Dio.netty.recycler.chunkSize: 32
  [AsyncHttpClient-1-2] DEBUG io.netty.util.Recycler  - -Dio.netty.recycler.blocking: false
  [AsyncHttpClient-1-2] DEBUG io.netty.handler.codec.compression.Brotli  - brotli4j not in the classpath; Brotli support will be unavailable.
  [main] DEBUG io.netty.util.internal.ThreadLocalRandom  - -Dio.netty.initialSeedUniquifier: 0x460a3085f92850e1
  [main] INFO  scripts.loginSite  - User entered valid credential and redirected into User List screen.
  [main] INFO  scripts.loginSite  - User Logged out Successfully.
  [main] DEBUG io.netty.util.internal.logging.InternalLoggerFactory  - Using Log4J as the default logging framework
  [main] DEBUG io.netty.util.ResourceLeakDetector  - -Dio.netty.leakDetection.level: simple
  [main] DEBUG io.netty.util.ResourceLeakDetector  - -Dio.netty.leakDetection.targetRecords: 4
  [main] DEBUG io.netty.util.ResourceLeakDetectorFactory  - Loaded default ResourceLeakDetector: io.netty.util.ResourceLeakDetector@8458f04
  [main] DEBUG io.netty.util.internal.PlatformDependent0  - -Dio.netty.noUnsafe: false
  [main] DEBUG io.netty.util.internal.PlatformDependent0  - Java version: 19
  [main] DEBUG io.netty.util.internal.PlatformDependent0  - sun.misc.Unsafe.theUnsafe: available
  [main] DEBUG io.netty.util.internal.PlatformDependent0  - sun.misc.Unsafe.copyMemory: available
  [main] DEBUG io.netty.util.internal.PlatformDependent0  - sun.misc.Unsafe.storeFence: available
  [main] DEBUG io.netty.util.internal.PlatformDependent0  - java.nio.Buffer.address: available
  [main] DEBUG io.netty.util.internal.PlatformDependent0  - direct buffer constructor: unavailable: Reflective setAccessible(true) disabled
  [main] DEBUG io.netty.util.internal.PlatformDependent0  - java.nio.Bits.unaligned: available, true
  [main] DEBUG io.netty.util.internal.PlatformDependent0  - jdk.internal.misc.Unsafe.allocateUninitializedArray(int): unavailable: class io.netty.util.internal.PlatformDependent0$7 cannot access class jdk.internal.misc.Unsafe (in module java.base) because module java.base does not export jdk.internal.misc to unnamed module @7e32c033
  [main] DEBUG io.netty.util.internal.PlatformDependent0  - java.nio.DirectByteBuffer.<init>(long, int): unavailable
  [main] DEBUG io.netty.util.internal.PlatformDependent  - sun.misc.Unsafe: available
  [main] DEBUG io.netty.util.internal.PlatformDependent  - maxDirectMemory: 4112515072 bytes (maybe)
  [main] DEBUG io.netty.util.internal.PlatformDependent  - -Dio.netty.tmpdir: C:\Users\ER2202~1\AppData\Local\Temp (java.io.tmpdir)
  [main] DEBUG io.netty.util.internal.PlatformDependent  - -Dio.netty.bitMode: 64 (sun.arch.data.model)
  [main] DEBUG io.netty.util.internal.PlatformDependent  - Platform: Windows
  [main] DEBUG io.netty.util.internal.PlatformDependent  - -Dio.netty.maxDirectMemory: -1 bytes
  [main] DEBUG io.netty.util.internal.PlatformDependent  - -Dio.netty.uninitializedArrayAllocationThreshold: -1
  [main] DEBUG io.netty.util.internal.CleanerJava9  - java.nio.ByteBuffer.cleaner(): available
  [main] DEBUG io.netty.util.internal.PlatformDependent  - -Dio.netty.noPreferDirect: false
  [main] DEBUG io.netty.util.internal.PlatformDependent  - org.jctools-core.MpscChunkedArrayQueue: available
  [main] DEBUG io.netty.util.internal.InternalThreadLocalMap  - -Dio.netty.threadLocalMap.stringBuilder.initialSize: 1024
  [main] DEBUG io.netty.util.internal.InternalThreadLocalMap  - -Dio.netty.threadLocalMap.stringBuilder.maxSize: 4096
  [main] DEBUG io.netty.handler.ssl.JdkSslContext  - Default protocols (JDK): [TLSv1.3, TLSv1.2] 
  [main] DEBUG io.netty.handler.ssl.JdkSslContext  - Default cipher suites (JDK): [TLS_ECDHE_ECDSA_WITH_AES_256_GCM_SHA384, TLS_ECDHE_ECDSA_WITH_AES_128_GCM_SHA256, TLS_ECDHE_RSA_WITH_AES_128_GCM_SHA256, TLS_ECDHE_RSA_WITH_AES_256_GCM_SHA384, TLS_ECDHE_RSA_WITH_AES_128_CBC_SHA, TLS_ECDHE_RSA_WITH_AES_256_CBC_SHA, TLS_RSA_WITH_AES_128_GCM_SHA256, TLS_RSA_WITH_AES_128_CBC_SHA, TLS_RSA_WITH_AES_256_CBC_SHA, TLS_AES_128_GCM_SHA256, TLS_AES_256_GCM_SHA384]
  [main] DEBUG io.netty.channel.MultithreadEventLoopGroup  - -Dio.netty.eventLoopThreads: 24
  [main] DEBUG io.netty.channel.nio.NioEventLoop  - -Dio.netty.noKeySetOptimization: false
  [main] DEBUG io.netty.channel.nio.NioEventLoop  - -Dio.netty.selectorAutoRebuildThreshold: 512
  [main] DEBUG io.netty.buffer.PooledByteBufAllocator  - -Dio.netty.allocator.numHeapArenas: 24
  [main] DEBUG io.netty.buffer.PooledByteBufAllocator  - -Dio.netty.allocator.numDirectArenas: 24
  [main] DEBUG io.netty.buffer.PooledByteBufAllocator  - -Dio.netty.allocator.pageSize: 8192
  [main] DEBUG io.netty.buffer.PooledByteBufAllocator  - -Dio.netty.allocator.maxOrder: 9
  [main] DEBUG io.netty.buffer.PooledByteBufAllocator  - -Dio.netty.allocator.chunkSize: 4194304
  [main] DEBUG io.netty.buffer.PooledByteBufAllocator  - -Dio.netty.allocator.smallCacheSize: 256
  [main] DEBUG io.netty.buffer.PooledByteBufAllocator  - -Dio.netty.allocator.normalCacheSize: 64
  [main] DEBUG io.netty.buffer.PooledByteBufAllocator  - -Dio.netty.allocator.maxCachedBufferCapacity: 32768
  [main] DEBUG io.netty.buffer.PooledByteBufAllocator  - -Dio.netty.allocator.cacheTrimInterval: 8192
  [main] DEBUG io.netty.buffer.PooledByteBufAllocator  - -Dio.netty.allocator.cacheTrimIntervalMillis: 0
  [main] DEBUG io.netty.buffer.PooledByteBufAllocator  - -Dio.netty.allocator.useCacheForAllThreads: false
  [main] DEBUG io.netty.buffer.PooledByteBufAllocator  - -Dio.netty.allocator.maxCachedByteBuffersPerChunk: 1023
  [main] DEBUG io.netty.buffer.ByteBufUtil  - -Dio.netty.allocator.type: pooled
  [main] DEBUG io.netty.buffer.ByteBufUtil  - -Dio.netty.threadLocalDirectBufferSize: 0
  [main] DEBUG io.netty.buffer.ByteBufUtil  - -Dio.netty.maxThreadLocalCharBufferSize: 16384
  [Forwarding newSession on session null to remote] DEBUG io.netty.channel.DefaultChannelId  - -Dio.netty.processId: 14064 (auto-detected)
  [Forwarding newSession on session null to remote] DEBUG io.netty.util.NetUtil  - -Djava.net.preferIPv4Stack: false
  [Forwarding newSession on session null to remote] DEBUG io.netty.util.NetUtil  - -Djava.net.preferIPv6Addresses: false
  [Forwarding newSession on session null to remote] DEBUG io.netty.util.NetUtilInitializations  - Loopback interface: lo (Software Loopback Interface 1, 127.0.0.1)
  [Forwarding newSession on session null to remote] DEBUG io.netty.util.NetUtil  - Failed to get SOMAXCONN from sysctl and file \proc\sys\net\core\somaxconn. Default: 200
  [Forwarding newSession on session null to remote] DEBUG io.netty.channel.DefaultChannelId  - -Dio.netty.machineId: a8:93:4a:ff:fe:c9:43:8b (auto-detected)
  [AsyncHttpClient-1-2] DEBUG io.netty.buffer.AbstractByteBuf  - -Dio.netty.buffer.checkAccessible: true
  [AsyncHttpClient-1-2] DEBUG io.netty.buffer.AbstractByteBuf  - -Dio.netty.buffer.checkBounds: true
  [AsyncHttpClient-1-2] DEBUG io.netty.util.ResourceLeakDetectorFactory  - Loaded default ResourceLeakDetector: io.netty.util.ResourceLeakDetector@53f95764
  [AsyncHttpClient-1-2] DEBUG io.netty.util.Recycler  - -Dio.netty.recycler.maxCapacityPerThread: 4096
  [AsyncHttpClient-1-2] DEBUG io.netty.util.Recycler  - -Dio.netty.recycler.ratio: 8
  [AsyncHttpClient-1-2] DEBUG io.netty.util.Recycler  - -Dio.netty.recycler.chunkSize: 32
  [AsyncHttpClient-1-2] DEBUG io.netty.util.Recycler  - -Dio.netty.recycler.blocking: false
  [AsyncHttpClient-1-2] DEBUG io.netty.handler.codec.compression.Brotli  - brotli4j not in the classpath; Brotli support will be unavailable.
  [main] DEBUG io.netty.util.internal.ThreadLocalRandom  - -Dio.netty.initialSeedUniquifier: 0xa74df86e9559f833
  [main] INFO  scripts.loginSite  - User entered valid credential and redirected into User List screen.
  [main] INFO  scripts.loginSite  - User Logged out Successfully.
  [main] DEBUG io.netty.util.internal.logging.InternalLoggerFactory  - Using Log4J as the default logging framework
  [main] DEBUG io.netty.util.ResourceLeakDetector  - -Dio.netty.leakDetection.level: simple
  [main] DEBUG io.netty.util.ResourceLeakDetector  - -Dio.netty.leakDetection.targetRecords: 4
  [main] DEBUG io.netty.util.ResourceLeakDetectorFactory  - Loaded default ResourceLeakDetector: io.netty.util.ResourceLeakDetector@8458f04
  [main] DEBUG io.netty.util.internal.PlatformDependent0  - -Dio.netty.noUnsafe: false
  [main] DEBUG io.netty.util.internal.PlatformDependent0  - Java version: 19
  [main] DEBUG io.netty.util.internal.PlatformDependent0  - sun.misc.Unsafe.theUnsafe: available
  [main] DEBUG io.netty.util.internal.PlatformDependent0  - sun.misc.Unsafe.copyMemory: available
  [main] DEBUG io.netty.util.internal.PlatformDependent0  - sun.misc.Unsafe.storeFence: available
  [main] DEBUG io.netty.util.internal.PlatformDependent0  - java.nio.Buffer.address: available
  [main] DEBUG io.netty.util.internal.PlatformDependent0  - direct buffer constructor: unavailable: Reflective setAccessible(true) disabled
  [main] DEBUG io.netty.util.internal.PlatformDependent0  - java.nio.Bits.unaligned: available, true
  [main] DEBUG io.netty.util.internal.PlatformDependent0  - jdk.internal.misc.Unsafe.allocateUninitializedArray(int): unavailable: class io.netty.util.internal.PlatformDependent0$7 cannot access class jdk.internal.misc.Unsafe (in module java.base) because module java.base does not export jdk.internal.misc to unnamed module @7e32c033
  [main] DEBUG io.netty.util.internal.PlatformDependent0  - java.nio.DirectByteBuffer.<init>(long, int): unavailable
  [main] DEBUG io.netty.util.internal.PlatformDependent  - sun.misc.Unsafe: available
  [main] DEBUG io.netty.util.internal.PlatformDependent  - maxDirectMemory: 4112515072 bytes (maybe)
  [main] DEBUG io.netty.util.internal.PlatformDependent  - -Dio.netty.tmpdir: C:\Users\ER2202~1\AppData\Local\Temp (java.io.tmpdir)
  [main] DEBUG io.netty.util.internal.PlatformDependent  - -Dio.netty.bitMode: 64 (sun.arch.data.model)
  [main] DEBUG io.netty.util.internal.PlatformDependent  - Platform: Windows
  [main] DEBUG io.netty.util.internal.PlatformDependent  - -Dio.netty.maxDirectMemory: -1 bytes
  [main] DEBUG io.netty.util.internal.PlatformDependent  - -Dio.netty.uninitializedArrayAllocationThreshold: -1
  [main] DEBUG io.netty.util.internal.CleanerJava9  - java.nio.ByteBuffer.cleaner(): available
  [main] DEBUG io.netty.util.internal.PlatformDependent  - -Dio.netty.noPreferDirect: false
  [main] DEBUG io.netty.util.internal.PlatformDependent  - org.jctools-core.MpscChunkedArrayQueue: available
  [main] DEBUG io.netty.util.internal.InternalThreadLocalMap  - -Dio.netty.threadLocalMap.stringBuilder.initialSize: 1024
  [main] DEBUG io.netty.util.internal.InternalThreadLocalMap  - -Dio.netty.threadLocalMap.stringBuilder.maxSize: 4096
  [main] DEBUG io.netty.handler.ssl.JdkSslContext  - Default protocols (JDK): [TLSv1.3, TLSv1.2] 
  [main] DEBUG io.netty.handler.ssl.JdkSslContext  - Default cipher suites (JDK): [TLS_ECDHE_ECDSA_WITH_AES_256_GCM_SHA384, TLS_ECDHE_ECDSA_WITH_AES_128_GCM_SHA256, TLS_ECDHE_RSA_WITH_AES_128_GCM_SHA256, TLS_ECDHE_RSA_WITH_AES_256_GCM_SHA384, TLS_ECDHE_RSA_WITH_AES_128_CBC_SHA, TLS_ECDHE_RSA_WITH_AES_256_CBC_SHA, TLS_RSA_WITH_AES_128_GCM_SHA256, TLS_RSA_WITH_AES_128_CBC_SHA, TLS_RSA_WITH_AES_256_CBC_SHA, TLS_AES_128_GCM_SHA256, TLS_AES_256_GCM_SHA384]
  [main] DEBUG io.netty.channel.MultithreadEventLoopGroup  - -Dio.netty.eventLoopThreads: 24
  [main] DEBUG io.netty.channel.nio.NioEventLoop  - -Dio.netty.noKeySetOptimization: false
  [main] DEBUG io.netty.channel.nio.NioEventLoop  - -Dio.netty.selectorAutoRebuildThreshold: 512
  [main] DEBUG io.netty.buffer.PooledByteBufAllocator  - -Dio.netty.allocator.numHeapArenas: 24
  [main] DEBUG io.netty.buffer.PooledByteBufAllocator  - -Dio.netty.allocator.numDirectArenas: 24
  [main] DEBUG io.netty.buffer.PooledByteBufAllocator  - -Dio.netty.allocator.pageSize: 8192
  [main] DEBUG io.netty.buffer.PooledByteBufAllocator  - -Dio.netty.allocator.maxOrder: 9
  [main] DEBUG io.netty.buffer.PooledByteBufAllocator  - -Dio.netty.allocator.chunkSize: 4194304
  [main] DEBUG io.netty.buffer.PooledByteBufAllocator  - -Dio.netty.allocator.smallCacheSize: 256
  [main] DEBUG io.netty.buffer.PooledByteBufAllocator  - -Dio.netty.allocator.normalCacheSize: 64
  [main] DEBUG io.netty.buffer.PooledByteBufAllocator  - -Dio.netty.allocator.maxCachedBufferCapacity: 32768
  [main] DEBUG io.netty.buffer.PooledByteBufAllocator  - -Dio.netty.allocator.cacheTrimInterval: 8192
  [main] DEBUG io.netty.buffer.PooledByteBufAllocator  - -Dio.netty.allocator.cacheTrimIntervalMillis: 0
  [main] DEBUG io.netty.buffer.PooledByteBufAllocator  - -Dio.netty.allocator.useCacheForAllThreads: false
  [main] DEBUG io.netty.buffer.PooledByteBufAllocator  - -Dio.netty.allocator.maxCachedByteBuffersPerChunk: 1023
  [main] DEBUG io.netty.buffer.ByteBufUtil  - -Dio.netty.allocator.type: pooled
  [main] DEBUG io.netty.buffer.ByteBufUtil  - -Dio.netty.threadLocalDirectBufferSize: 0
  [main] DEBUG io.netty.buffer.ByteBufUtil  - -Dio.netty.maxThreadLocalCharBufferSize: 16384
  [Forwarding newSession on session null to remote] DEBUG io.netty.channel.DefaultChannelId  - -Dio.netty.processId: 19008 (auto-detected)
  [Forwarding newSession on session null to remote] DEBUG io.netty.util.NetUtil  - -Djava.net.preferIPv4Stack: false
  [Forwarding newSession on session null to remote] DEBUG io.netty.util.NetUtil  - -Djava.net.preferIPv6Addresses: false
  [Forwarding newSession on session null to remote] DEBUG io.netty.util.NetUtilInitializations  - Loopback interface: lo (Software Loopback Interface 1, 127.0.0.1)
  [Forwarding newSession on session null to remote] DEBUG io.netty.util.NetUtil  - Failed to get SOMAXCONN from sysctl and file \proc\sys\net\core\somaxconn. Default: 200
  [Forwarding newSession on session null to remote] DEBUG io.netty.channel.DefaultChannelId  - -Dio.netty.machineId: a8:93:4a:ff:fe:c9:43:8b (auto-detected)
  [AsyncHttpClient-1-2] DEBUG io.netty.buffer.AbstractByteBuf  - -Dio.netty.buffer.checkAccessible: true
  [AsyncHttpClient-1-2] DEBUG io.netty.buffer.AbstractByteBuf  - -Dio.netty.buffer.checkBounds: true
  [AsyncHttpClient-1-2] DEBUG io.netty.util.ResourceLeakDetectorFactory  - Loaded default ResourceLeakDetector: io.netty.util.ResourceLeakDetector@53f95764
  [AsyncHttpClient-1-2] DEBUG io.netty.util.Recycler  - -Dio.netty.recycler.maxCapacityPerThread: 4096
  [AsyncHttpClient-1-2] DEBUG io.netty.util.Recycler  - -Dio.netty.recycler.ratio: 8
  [AsyncHttpClient-1-2] DEBUG io.netty.util.Recycler  - -Dio.netty.recycler.chunkSize: 32
  [AsyncHttpClient-1-2] DEBUG io.netty.util.Recycler  - -Dio.netty.recycler.blocking: false
  [AsyncHttpClient-1-2] DEBUG io.netty.handler.codec.compression.Brotli  - brotli4j not in the classpath; Brotli support will be unavailable.
  [main] DEBUG io.netty.util.internal.ThreadLocalRandom  - -Dio.netty.initialSeedUniquifier: 0xa781e4868df7c616
  [main] INFO  scripts.loginSite  - User entered valid credential and redirected into User List screen.
  